Arguments: 
  C:\Program Files\nodejs\node.exe C:\Users\prau\AppData\Roaming\npm\node_modules\yarn\bin\yarn.js add --dev -W @babel/cli @babel/core @babel/preset-react @babel/preset-env babel-core@7.0.0-bridge.0 babel-loader babel-plugin-styled-components webpack

PATH: 
  C:\WINDOWS\system32;C:\WINDOWS;C:\WINDOWS\System32\Wbem;C:\WINDOWS\System32\WindowsPowerShell\v1.0\;C:\WINDOWS\System32\OpenSSH\;C:\Program Files (x86)\Sennheiser\SenncomSDK\;C:\Program Files\Git\cmd;C:\Program Files\nodejs\;C:\Users\prau\AppData\Local\Microsoft\WindowsApps;C:\Users\prau\AppData\Local\Programs\Microsoft VS Code\bin;C:\Users\prau\AppData\Roaming\npm;C:\Users\prau\AppData\Local\Android\Sdk\emulator;C:\Users\prau\AppData\Local\Android\Sdk\platform-tools;C:\Users\prau\AppData\Local\Android\Sdk\tools;

Yarn version: 
  1.22.15

Node version: 
  14.18.0

Platform: 
  win32 x64

Trace: 
  Error: unable to get local issuer certificate
      at TLSSocket.onConnectSecure (_tls_wrap.js:1515:34)
      at TLSSocket.emit (events.js:400:28)
      at TLSSocket._finishInit (_tls_wrap.js:937:8)
      at TLSWrap.ssl.onhandshakedone (_tls_wrap.js:709:12)

npm manifest: 
  {
    "name": "root",
    "private": true,
    "workspaces": ["packages/*"],
    "devDependencies": {
      "lerna": "^4.0.0"
    }
  }

yarn manifest: 
  No manifest

Lockfile: 
  No lockfile
